[2024-11-26T19:39:09.433+0000] {local_task_job_runner.py:123} INFO - ::group::Pre task execution logs
[2024-11-26T19:39:09.526+0000] {taskinstance.py:2613} INFO - Dependencies all met for dep_context=non-requeueable deps ti=<TaskInstance: spark_submit_example_dag.spark_submit_task manual__2024-11-26T19:38:57.074809+00:00 [queued]>
[2024-11-26T19:39:09.551+0000] {taskinstance.py:2613} INFO - Dependencies all met for dep_context=requeueable deps ti=<TaskInstance: spark_submit_example_dag.spark_submit_task manual__2024-11-26T19:38:57.074809+00:00 [queued]>
[2024-11-26T19:39:09.552+0000] {taskinstance.py:2866} INFO - Starting attempt 1 of 3
[2024-11-26T19:39:09.589+0000] {taskinstance.py:2889} INFO - Executing <Task(SparkSubmitOperator): spark_submit_task> on 2024-11-26 19:38:57.074809+00:00
[2024-11-26T19:39:09.631+0000] {warnings.py:112} WARNING - /opt/bitnami/airflow/venv/lib/python3.12/site-packages/airflow/task/task_runner/standard_task_runner.py:70: DeprecationWarning: This process (pid=127) is multi-threaded, use of fork() may lead to deadlocks in the child.
  pid = os.fork()

[2024-11-26T19:39:09.633+0000] {standard_task_runner.py:72} INFO - Started process 129 to run task
[2024-11-26T19:39:09.633+0000] {standard_task_runner.py:104} INFO - Running: ['airflow', 'tasks', 'run', 'spark_submit_example_dag', 'spark_submit_task', 'manual__2024-11-26T19:38:57.074809+00:00', '--job-id', '56', '--raw', '--subdir', 'DAGS_FOLDER/spark_submit_example_dag.py', '--cfg-path', '/tmp/tmpgfpa0nwm']
[2024-11-26T19:39:09.643+0000] {standard_task_runner.py:105} INFO - Job 56: Subtask spark_submit_task
[2024-11-26T19:39:09.827+0000] {task_command.py:467} INFO - Running <TaskInstance: spark_submit_example_dag.spark_submit_task manual__2024-11-26T19:38:57.074809+00:00 [running]> on host ecf3cdb35d1a
[2024-11-26T19:39:10.102+0000] {taskinstance.py:3132} INFO - Exporting env vars: AIRFLOW_CTX_DAG_OWNER='airflow' AIRFLOW_CTX_DAG_ID='spark_submit_example_dag' AIRFLOW_CTX_TASK_ID='spark_submit_task' AIRFLOW_CTX_EXECUTION_DATE='2024-11-26T19:38:57.074809+00:00' AIRFLOW_CTX_TRY_NUMBER='1' AIRFLOW_CTX_DAG_RUN_ID='manual__2024-11-26T19:38:57.074809+00:00'
[2024-11-26T19:39:10.105+0000] {logging_mixin.py:190} INFO - Task instance is in running state
[2024-11-26T19:39:10.106+0000] {logging_mixin.py:190} INFO -  Previous state of the Task instance: queued
[2024-11-26T19:39:10.107+0000] {logging_mixin.py:190} INFO - Current task name:spark_submit_task state:running start_date:2024-11-26 19:39:09.527009+00:00
[2024-11-26T19:39:10.108+0000] {logging_mixin.py:190} INFO - Dag name:spark_submit_example_dag and current dag run status:running
[2024-11-26T19:39:10.108+0000] {taskinstance.py:731} INFO - ::endgroup::
[2024-11-26T19:39:10.158+0000] {base.py:84} INFO - Retrieving connection 'spark-con'
[2024-11-26T19:39:10.163+0000] {spark_submit.py:473} INFO - Spark-Submit cmd: spark-submit --master spark://spark-master:7077 --conf spark.master=spark://spark-master:7077 --conf spark.app.name=SparkSubmitExample --name spark_submit_example_job --verbose --deploy-mode client /opt/bitnami/airflow/dags/spark_app.py
[2024-11-26T19:39:14.359+0000] {spark_submit.py:634} INFO - Using properties file: null
[2024-11-26T19:39:14.626+0000] {spark_submit.py:634} INFO - Parsed arguments:
[2024-11-26T19:39:14.626+0000] {spark_submit.py:634} INFO - master                  spark://spark-master:7077
[2024-11-26T19:39:14.627+0000] {spark_submit.py:634} INFO - remote                  null
[2024-11-26T19:39:14.627+0000] {spark_submit.py:634} INFO - deployMode              client
[2024-11-26T19:39:14.628+0000] {spark_submit.py:634} INFO - executorMemory          null
[2024-11-26T19:39:14.628+0000] {spark_submit.py:634} INFO - executorCores           null
[2024-11-26T19:39:14.628+0000] {spark_submit.py:634} INFO - totalExecutorCores      null
[2024-11-26T19:39:14.628+0000] {spark_submit.py:634} INFO - propertiesFile          null
[2024-11-26T19:39:14.629+0000] {spark_submit.py:634} INFO - driverMemory            null
[2024-11-26T19:39:14.629+0000] {spark_submit.py:634} INFO - driverCores             null
[2024-11-26T19:39:14.629+0000] {spark_submit.py:634} INFO - driverExtraClassPath    null
[2024-11-26T19:39:14.630+0000] {spark_submit.py:634} INFO - driverExtraLibraryPath  null
[2024-11-26T19:39:14.630+0000] {spark_submit.py:634} INFO - driverExtraJavaOptions  null
[2024-11-26T19:39:14.630+0000] {spark_submit.py:634} INFO - supervise               false
[2024-11-26T19:39:14.631+0000] {spark_submit.py:634} INFO - queue                   null
[2024-11-26T19:39:14.632+0000] {spark_submit.py:634} INFO - numExecutors            null
[2024-11-26T19:39:14.632+0000] {spark_submit.py:634} INFO - files                   null
[2024-11-26T19:39:14.633+0000] {spark_submit.py:634} INFO - pyFiles                 null
[2024-11-26T19:39:14.633+0000] {spark_submit.py:634} INFO - archives                null
[2024-11-26T19:39:14.633+0000] {spark_submit.py:634} INFO - mainClass               null
[2024-11-26T19:39:14.634+0000] {spark_submit.py:634} INFO - primaryResource         file:/opt/bitnami/airflow/dags/spark_app.py
[2024-11-26T19:39:14.634+0000] {spark_submit.py:634} INFO - name                    spark_submit_example_job
[2024-11-26T19:39:14.634+0000] {spark_submit.py:634} INFO - childArgs               []
[2024-11-26T19:39:14.635+0000] {spark_submit.py:634} INFO - jars                    null
[2024-11-26T19:39:14.635+0000] {spark_submit.py:634} INFO - packages                null
[2024-11-26T19:39:14.636+0000] {spark_submit.py:634} INFO - packagesExclusions      null
[2024-11-26T19:39:14.637+0000] {spark_submit.py:634} INFO - repositories            null
[2024-11-26T19:39:14.637+0000] {spark_submit.py:634} INFO - verbose                 true
[2024-11-26T19:39:14.638+0000] {spark_submit.py:634} INFO - 
[2024-11-26T19:39:14.638+0000] {spark_submit.py:634} INFO - Spark properties used, including those specified through
[2024-11-26T19:39:14.639+0000] {spark_submit.py:634} INFO - --conf and those from the properties file null:
[2024-11-26T19:39:14.639+0000] {spark_submit.py:634} INFO - (spark.app.name,SparkSubmitExample)
[2024-11-26T19:39:14.639+0000] {spark_submit.py:634} INFO - (spark.master,spark://spark-master:7077)
[2024-11-26T19:39:14.640+0000] {spark_submit.py:634} INFO - 
[2024-11-26T19:39:14.640+0000] {spark_submit.py:634} INFO - 
[2024-11-26T19:39:15.386+0000] {spark_submit.py:634} INFO - Main class:
[2024-11-26T19:39:15.387+0000] {spark_submit.py:634} INFO - org.apache.spark.deploy.PythonRunner
[2024-11-26T19:39:15.387+0000] {spark_submit.py:634} INFO - Arguments:
[2024-11-26T19:39:15.387+0000] {spark_submit.py:634} INFO - file:/opt/bitnami/airflow/dags/spark_app.py
[2024-11-26T19:39:15.388+0000] {spark_submit.py:634} INFO - null
[2024-11-26T19:39:15.391+0000] {spark_submit.py:634} INFO - Spark config:
[2024-11-26T19:39:15.392+0000] {spark_submit.py:634} INFO - (spark.app.name,spark_submit_example_job)
[2024-11-26T19:39:15.392+0000] {spark_submit.py:634} INFO - (spark.app.submitTime,1732649955348)
[2024-11-26T19:39:15.392+0000] {spark_submit.py:634} INFO - (spark.master,spark://spark-master:7077)
[2024-11-26T19:39:15.393+0000] {spark_submit.py:634} INFO - (spark.submit.deployMode,client)
[2024-11-26T19:39:15.393+0000] {spark_submit.py:634} INFO - (spark.submit.pyFiles,)
[2024-11-26T19:39:15.394+0000] {spark_submit.py:634} INFO - Classpath elements:
[2024-11-26T19:39:15.394+0000] {spark_submit.py:634} INFO - 
[2024-11-26T19:39:15.394+0000] {spark_submit.py:634} INFO - 
[2024-11-26T19:39:15.395+0000] {spark_submit.py:634} INFO - 
[2024-11-26T19:39:17.895+0000] {spark_submit.py:634} INFO - 24/11/26 19:39:17 INFO SparkContext: Running Spark version 3.5.3
[2024-11-26T19:39:17.902+0000] {spark_submit.py:634} INFO - 24/11/26 19:39:17 INFO SparkContext: OS info Linux, 5.10.16.3-microsoft-standard-WSL2, amd64
[2024-11-26T19:39:17.903+0000] {spark_submit.py:634} INFO - 24/11/26 19:39:17 INFO SparkContext: Java version 17.0.13
[2024-11-26T19:39:18.080+0000] {spark_submit.py:634} INFO - 24/11/26 19:39:18 WARN NativeCodeLoader: Unable to load native-hadoop library for your platform... using builtin-java classes where applicable
[2024-11-26T19:39:18.366+0000] {spark_submit.py:634} INFO - 24/11/26 19:39:18 INFO ResourceUtils: ==============================================================
[2024-11-26T19:39:18.367+0000] {spark_submit.py:634} INFO - 24/11/26 19:39:18 INFO ResourceUtils: No custom resources configured for spark.driver.
[2024-11-26T19:39:18.368+0000] {spark_submit.py:634} INFO - 24/11/26 19:39:18 INFO ResourceUtils: ==============================================================
[2024-11-26T19:39:18.368+0000] {spark_submit.py:634} INFO - 24/11/26 19:39:18 INFO SparkContext: Submitted application: SimpleApp
[2024-11-26T19:39:18.415+0000] {spark_submit.py:634} INFO - 24/11/26 19:39:18 INFO ResourceProfile: Default ResourceProfile created, executor resources: Map(memory -> name: memory, amount: 1024, script: , vendor: , offHeap -> name: offHeap, amount: 0, script: , vendor: ), task resources: Map(cpus -> name: cpus, amount: 1.0)
[2024-11-26T19:39:18.441+0000] {spark_submit.py:634} INFO - 24/11/26 19:39:18 INFO ResourceProfile: Limiting resource is cpu
[2024-11-26T19:39:18.443+0000] {spark_submit.py:634} INFO - 24/11/26 19:39:18 INFO ResourceProfileManager: Added ResourceProfile id: 0
[2024-11-26T19:39:18.628+0000] {spark_submit.py:634} INFO - 24/11/26 19:39:18 INFO SecurityManager: Changing view acls to: airflow
[2024-11-26T19:39:18.629+0000] {spark_submit.py:634} INFO - 24/11/26 19:39:18 INFO SecurityManager: Changing modify acls to: airflow
[2024-11-26T19:39:18.631+0000] {spark_submit.py:634} INFO - 24/11/26 19:39:18 INFO SecurityManager: Changing view acls groups to:
[2024-11-26T19:39:18.632+0000] {spark_submit.py:634} INFO - 24/11/26 19:39:18 INFO SecurityManager: Changing modify acls groups to:
[2024-11-26T19:39:18.632+0000] {spark_submit.py:634} INFO - 24/11/26 19:39:18 INFO SecurityManager: SecurityManager: authentication disabled; ui acls disabled; users with view permissions: airflow; groups with view permissions: EMPTY; users with modify permissions: airflow; groups with modify permissions: EMPTY
[2024-11-26T19:39:19.317+0000] {spark_submit.py:634} INFO - 24/11/26 19:39:19 INFO Utils: Successfully started service 'sparkDriver' on port 46577.
[2024-11-26T19:39:19.402+0000] {spark_submit.py:634} INFO - 24/11/26 19:39:19 INFO SparkEnv: Registering MapOutputTracker
[2024-11-26T19:39:19.512+0000] {spark_submit.py:634} INFO - 24/11/26 19:39:19 INFO SparkEnv: Registering BlockManagerMaster
[2024-11-26T19:39:19.587+0000] {spark_submit.py:634} INFO - 24/11/26 19:39:19 INFO BlockManagerMasterEndpoint: Using org.apache.spark.storage.DefaultTopologyMapper for getting topology information
[2024-11-26T19:39:19.589+0000] {spark_submit.py:634} INFO - 24/11/26 19:39:19 INFO BlockManagerMasterEndpoint: BlockManagerMasterEndpoint up
[2024-11-26T19:39:19.605+0000] {spark_submit.py:634} INFO - 24/11/26 19:39:19 INFO SparkEnv: Registering BlockManagerMasterHeartbeat
[2024-11-26T19:39:19.695+0000] {spark_submit.py:634} INFO - 24/11/26 19:39:19 INFO DiskBlockManager: Created local directory at /tmp/blockmgr-e1d78e1e-dc49-4191-acaf-2bd1ba710402
[2024-11-26T19:39:19.747+0000] {spark_submit.py:634} INFO - 24/11/26 19:39:19 INFO MemoryStore: MemoryStore started with capacity 434.4 MiB
[2024-11-26T19:39:20.002+0000] {spark_submit.py:634} INFO - 24/11/26 19:39:20 INFO SparkEnv: Registering OutputCommitCoordinator
[2024-11-26T19:39:20.587+0000] {spark_submit.py:634} INFO - 24/11/26 19:39:20 INFO JettyUtils: Start Jetty 0.0.0.0:4040 for SparkUI
[2024-11-26T19:39:21.064+0000] {spark_submit.py:634} INFO - 24/11/26 19:39:21 INFO Utils: Successfully started service 'SparkUI' on port 4040.
[2024-11-26T19:39:23.373+0000] {spark_submit.py:634} INFO - 24/11/26 19:39:23 INFO StandaloneAppClient$ClientEndpoint: Connecting to master spark://spark-master:7077...
[2024-11-26T19:39:23.479+0000] {spark_submit.py:634} INFO - 24/11/26 19:39:23 INFO TransportClientFactory: Successfully created connection to spark-master/172.18.0.2:7077 after 55 ms (0 ms spent in bootstraps)
[2024-11-26T19:39:25.048+0000] {spark_submit.py:634} INFO - 24/11/26 19:39:25 INFO StandaloneSchedulerBackend: Connected to Spark cluster with app ID app-20241126193924-0000
[2024-11-26T19:39:25.082+0000] {spark_submit.py:634} INFO - 24/11/26 19:39:25 INFO Utils: Successfully started service 'org.apache.spark.network.netty.NettyBlockTransferService' on port 45599.
[2024-11-26T19:39:25.084+0000] {spark_submit.py:634} INFO - 24/11/26 19:39:25 INFO NettyBlockTransferService: Server created on ecf3cdb35d1a:45599
[2024-11-26T19:39:25.092+0000] {spark_submit.py:634} INFO - 24/11/26 19:39:25 INFO BlockManager: Using org.apache.spark.storage.RandomBlockReplicationPolicy for block replication policy
[2024-11-26T19:39:25.118+0000] {spark_submit.py:634} INFO - 24/11/26 19:39:25 INFO BlockManagerMaster: Registering BlockManager BlockManagerId(driver, ecf3cdb35d1a, 45599, None)
[2024-11-26T19:39:25.130+0000] {spark_submit.py:634} INFO - 24/11/26 19:39:25 INFO BlockManagerMasterEndpoint: Registering block manager ecf3cdb35d1a:45599 with 434.4 MiB RAM, BlockManagerId(driver, ecf3cdb35d1a, 45599, None)
[2024-11-26T19:39:25.136+0000] {spark_submit.py:634} INFO - 24/11/26 19:39:25 INFO BlockManagerMaster: Registered BlockManager BlockManagerId(driver, ecf3cdb35d1a, 45599, None)
[2024-11-26T19:39:25.142+0000] {spark_submit.py:634} INFO - 24/11/26 19:39:25 INFO BlockManager: Initialized BlockManager: BlockManagerId(driver, ecf3cdb35d1a, 45599, None)
[2024-11-26T19:39:25.224+0000] {spark_submit.py:634} INFO - 24/11/26 19:39:25 INFO StandaloneAppClient$ClientEndpoint: Executor added: app-20241126193924-0000/0 on worker-20241126193659-172.18.0.6-45563 (172.18.0.6:45563) with 2 core(s)
[2024-11-26T19:39:25.230+0000] {spark_submit.py:634} INFO - 24/11/26 19:39:25 INFO StandaloneSchedulerBackend: Granted executor ID app-20241126193924-0000/0 on hostPort 172.18.0.6:45563 with 2 core(s), 1024.0 MiB RAM
[2024-11-26T19:39:26.011+0000] {spark_submit.py:634} INFO - 24/11/26 19:39:26 INFO StandaloneSchedulerBackend: SchedulerBackend is ready for scheduling beginning after reached minRegisteredResourcesRatio: 0.0
[2024-11-26T19:39:28.375+0000] {spark_submit.py:634} INFO - 24/11/26 19:39:28 INFO SparkContext: Starting job: count at /opt/bitnami/airflow/dags/spark_app.py:10
[2024-11-26T19:39:28.431+0000] {spark_submit.py:634} INFO - 24/11/26 19:39:28 INFO DAGScheduler: Got job 0 (count at /opt/bitnami/airflow/dags/spark_app.py:10) with 2 output partitions
[2024-11-26T19:39:28.432+0000] {spark_submit.py:634} INFO - 24/11/26 19:39:28 INFO DAGScheduler: Final stage: ResultStage 0 (count at /opt/bitnami/airflow/dags/spark_app.py:10)
[2024-11-26T19:39:28.433+0000] {spark_submit.py:634} INFO - 24/11/26 19:39:28 INFO DAGScheduler: Parents of final stage: List()
[2024-11-26T19:39:28.438+0000] {spark_submit.py:634} INFO - 24/11/26 19:39:28 INFO DAGScheduler: Missing parents: List()
[2024-11-26T19:39:28.450+0000] {spark_submit.py:634} INFO - 24/11/26 19:39:28 INFO DAGScheduler: Submitting ResultStage 0 (PythonRDD[1] at count at /opt/bitnami/airflow/dags/spark_app.py:10), which has no missing parents
[2024-11-26T19:39:29.108+0000] {spark_submit.py:634} INFO - 24/11/26 19:39:29 INFO MemoryStore: Block broadcast_0 stored as values in memory (estimated size 8.6 KiB, free 434.4 MiB)
[2024-11-26T19:39:29.222+0000] {spark_submit.py:634} INFO - 24/11/26 19:39:29 INFO StandaloneAppClient$ClientEndpoint: Executor updated: app-20241126193924-0000/0 is now RUNNING
[2024-11-26T19:39:29.264+0000] {spark_submit.py:634} INFO - 24/11/26 19:39:29 INFO MemoryStore: Block broadcast_0_piece0 stored as bytes in memory (estimated size 5.3 KiB, free 434.4 MiB)
[2024-11-26T19:39:29.273+0000] {spark_submit.py:634} INFO - 24/11/26 19:39:29 INFO BlockManagerInfo: Added broadcast_0_piece0 in memory on ecf3cdb35d1a:45599 (size: 5.3 KiB, free: 434.4 MiB)
[2024-11-26T19:39:29.282+0000] {spark_submit.py:634} INFO - 24/11/26 19:39:29 INFO SparkContext: Created broadcast 0 from broadcast at DAGScheduler.scala:1585
[2024-11-26T19:39:29.327+0000] {spark_submit.py:634} INFO - 24/11/26 19:39:29 INFO DAGScheduler: Submitting 2 missing tasks from ResultStage 0 (PythonRDD[1] at count at /opt/bitnami/airflow/dags/spark_app.py:10) (first 15 tasks are for partitions Vector(0, 1))
[2024-11-26T19:39:29.330+0000] {spark_submit.py:634} INFO - 24/11/26 19:39:29 INFO TaskSchedulerImpl: Adding task set 0.0 with 2 tasks resource profile 0
[2024-11-26T19:39:39.529+0000] {spark_submit.py:634} INFO - 24/11/26 19:39:39 INFO StandaloneSchedulerBackend$StandaloneDriverEndpoint: Registered executor NettyRpcEndpointRef(spark-client://Executor) (172.18.0.6:50648) with ID 0,  ResourceProfileId 0
[2024-11-26T19:39:39.733+0000] {spark_submit.py:634} INFO - 24/11/26 19:39:39 INFO BlockManagerMasterEndpoint: Registering block manager 172.18.0.6:39415 with 434.4 MiB RAM, BlockManagerId(0, 172.18.0.6, 39415, None)
[2024-11-26T19:39:39.985+0000] {spark_submit.py:634} INFO - 24/11/26 19:39:39 INFO TaskSetManager: Starting task 0.0 in stage 0.0 (TID 0) (172.18.0.6, executor 0, partition 0, PROCESS_LOCAL, 8983 bytes)
[2024-11-26T19:39:40.000+0000] {spark_submit.py:634} INFO - 24/11/26 19:39:39 INFO TaskSetManager: Starting task 1.0 in stage 0.0 (TID 1) (172.18.0.6, executor 0, partition 1, PROCESS_LOCAL, 8983 bytes)
[2024-11-26T19:39:40.871+0000] {spark_submit.py:634} INFO - 24/11/26 19:39:40 INFO BlockManagerInfo: Added broadcast_0_piece0 in memory on 172.18.0.6:39415 (size: 5.3 KiB, free: 434.4 MiB)
[2024-11-26T19:39:44.167+0000] {spark_submit.py:634} INFO - 24/11/26 19:39:44 INFO TaskSetManager: Finished task 0.0 in stage 0.0 (TID 0) in 4223 ms on 172.18.0.6 (executor 0) (1/2)
[2024-11-26T19:39:44.169+0000] {spark_submit.py:634} INFO - 24/11/26 19:39:44 INFO TaskSetManager: Finished task 1.0 in stage 0.0 (TID 1) in 4171 ms on 172.18.0.6 (executor 0) (2/2)
[2024-11-26T19:39:44.171+0000] {spark_submit.py:634} INFO - 24/11/26 19:39:44 INFO TaskSchedulerImpl: Removed TaskSet 0.0, whose tasks have all completed, from pool
[2024-11-26T19:39:44.331+0000] {spark_submit.py:634} INFO - 24/11/26 19:39:44 INFO PythonAccumulatorV2: Connected to AccumulatorServer at host: 127.0.0.1 port: 53001
[2024-11-26T19:39:44.363+0000] {spark_submit.py:634} INFO - 24/11/26 19:39:44 INFO DAGScheduler: ResultStage 0 (count at /opt/bitnami/airflow/dags/spark_app.py:10) finished in 15.432 s
[2024-11-26T19:39:44.394+0000] {spark_submit.py:634} INFO - 24/11/26 19:39:44 INFO DAGScheduler: Job 0 is finished. Cancelling potential speculative or zombie tasks for this job
[2024-11-26T19:39:44.395+0000] {spark_submit.py:634} INFO - 24/11/26 19:39:44 INFO TaskSchedulerImpl: Killing all running tasks in stage 0: Stage finished
[2024-11-26T19:39:44.402+0000] {spark_submit.py:634} INFO - 24/11/26 19:39:44 INFO DAGScheduler: Job 0 finished: count at /opt/bitnami/airflow/dags/spark_app.py:10, took 16.023406 s
[2024-11-26T19:39:44.503+0000] {spark_submit.py:634} INFO - Total count: 100
[2024-11-26T19:39:44.508+0000] {spark_submit.py:634} INFO - 24/11/26 19:39:44 INFO SparkContext: SparkContext is stopping with exitCode 0.
[2024-11-26T19:39:44.548+0000] {spark_submit.py:634} INFO - 24/11/26 19:39:44 INFO SparkUI: Stopped Spark web UI at http://ecf3cdb35d1a:4040
[2024-11-26T19:39:44.563+0000] {spark_submit.py:634} INFO - 24/11/26 19:39:44 INFO StandaloneSchedulerBackend: Shutting down all executors
[2024-11-26T19:39:44.566+0000] {spark_submit.py:634} INFO - 24/11/26 19:39:44 INFO StandaloneSchedulerBackend$StandaloneDriverEndpoint: Asking each executor to shut down
[2024-11-26T19:39:44.696+0000] {spark_submit.py:634} INFO - 24/11/26 19:39:44 INFO MapOutputTrackerMasterEndpoint: MapOutputTrackerMasterEndpoint stopped!
[2024-11-26T19:39:44.992+0000] {spark_submit.py:634} INFO - 24/11/26 19:39:44 INFO MemoryStore: MemoryStore cleared
[2024-11-26T19:39:44.994+0000] {spark_submit.py:634} INFO - 24/11/26 19:39:44 INFO BlockManager: BlockManager stopped
[2024-11-26T19:39:45.025+0000] {spark_submit.py:634} INFO - 24/11/26 19:39:45 INFO BlockManagerMaster: BlockManagerMaster stopped
[2024-11-26T19:39:45.029+0000] {spark_submit.py:634} INFO - 24/11/26 19:39:45 INFO OutputCommitCoordinator$OutputCommitCoordinatorEndpoint: OutputCommitCoordinator stopped!
[2024-11-26T19:39:45.109+0000] {spark_submit.py:634} INFO - 24/11/26 19:39:45 INFO SparkContext: Successfully stopped SparkContext
[2024-11-26T19:39:45.862+0000] {spark_submit.py:634} INFO - 24/11/26 19:39:45 INFO ShutdownHookManager: Shutdown hook called
[2024-11-26T19:39:45.865+0000] {spark_submit.py:634} INFO - 24/11/26 19:39:45 INFO ShutdownHookManager: Deleting directory /tmp/spark-8dd4d024-4382-44e5-a9f8-7d6643ef63a6
[2024-11-26T19:39:45.874+0000] {spark_submit.py:634} INFO - 24/11/26 19:39:45 INFO ShutdownHookManager: Deleting directory /tmp/spark-c6611034-c7b1-437f-a72d-2579b1df8627
[2024-11-26T19:39:45.893+0000] {spark_submit.py:634} INFO - 24/11/26 19:39:45 INFO ShutdownHookManager: Deleting directory /tmp/spark-c6611034-c7b1-437f-a72d-2579b1df8627/pyspark-5c167ad8-6671-4465-87d9-c44723cfa8cf
[2024-11-26T19:39:46.053+0000] {taskinstance.py:340} INFO - ::group::Post task execution logs
[2024-11-26T19:39:46.054+0000] {taskinstance.py:352} INFO - Marking task as SUCCESS. dag_id=spark_submit_example_dag, task_id=spark_submit_task, run_id=manual__2024-11-26T19:38:57.074809+00:00, execution_date=20241126T193857, start_date=20241126T193909, end_date=20241126T193946
[2024-11-26T19:39:46.462+0000] {logging_mixin.py:190} INFO - Task instance in success state
[2024-11-26T19:39:46.462+0000] {logging_mixin.py:190} INFO -  Previous state of the Task instance: running
[2024-11-26T19:39:46.463+0000] {logging_mixin.py:190} INFO - Dag name:spark_submit_example_dag queued_at:2024-11-26 19:38:57.134845+00:00
[2024-11-26T19:39:46.463+0000] {logging_mixin.py:190} INFO - Task hostname:ecf3cdb35d1a operator:SparkSubmitOperator
[2024-11-26T19:39:46.526+0000] {local_task_job_runner.py:266} INFO - Task exited with return code 0
[2024-11-26T19:39:46.565+0000] {taskinstance.py:3895} INFO - 0 downstream tasks scheduled from follow-on schedule check
[2024-11-26T19:39:46.568+0000] {local_task_job_runner.py:245} INFO - ::endgroup::
